  Using 'git status' to determine working set for adaptive non-unity build (D:\Program Files (x86)\Users\Mike Rowe Soft\Documents\CSE 4050\CSE4400-GameDesignProject).
  Building NoMand_KnightEditor...
  Using Visual Studio 2022 14.37.32822 toolchain (C:\Program Files\Microsoft Visual Studio\2022\Community\VC\Tools\MSVC\14.37.32822) and Windows 10.0.22621.0 SDK (E:\Windows Kits\10).
  Building 7 actions with 16 processes...
    [1/7] NoMand_Knight.init.gen.cpp
    [2/7] NoMand_KnightGameMode.cpp
D:\Program Files (x86)\Users\Mike Rowe Soft\Documents\CSE 4050\CSE4400-GameDesignProject\NoMand_Knight\Source\NoMand_Knight\NoMand_KnightCharacter.h(46): warning C4263: 'void ANoMand_KnightCharacter::TakeDamage(float)': member function does not override any base class virtual member function
D:\Program Files (x86)\Users\Mike Rowe Soft\Documents\CSE 4050\CSE4400-GameDesignProject\NoMand_Knight\Source\NoMand_Knight\NoMand_KnightCharacter.h(87): warning C4264: 'float APawn::TakeDamage(float,const FDamageEvent &,AController *,AActor *)': no override available for virtual member function from base 'APawn'; function is hidden
    B:\Program Files\Unreal Engine\UE_4.27\Engine\Source\Runtime\Engine\Classes\GameFramework/Pawn.h(247): note: see declaration of 'APawn::TakeDamage'
    B:\Program Files\Unreal Engine\UE_4.27\Engine\Intermediate\Build\Win64\UE4Editor\Inc\Engine\GameModeBase.generated.h(14): note: see declaration of 'APawn'
    [3/7] NoMand_KnightCharacter.gen.cpp
D:\Program Files (x86)\Users\Mike Rowe Soft\Documents\CSE 4050\CSE4400-GameDesignProject\NoMand_Knight\Source\NoMand_Knight/NoMand_KnightCharacter.h(46): warning C4263: 'void ANoMand_KnightCharacter::TakeDamage(float)': member function does not override any base class virtual member function
D:\Program Files (x86)\Users\Mike Rowe Soft\Documents\CSE 4050\CSE4400-GameDesignProject\NoMand_Knight\Source\NoMand_Knight/NoMand_KnightCharacter.h(87): warning C4264: 'float APawn::TakeDamage(float,const FDamageEvent &,AController *,AActor *)': no override available for virtual member function from base 'APawn'; function is hidden
    B:\Program Files\Unreal Engine\UE_4.27\Engine\Source\Runtime\Engine\Classes\GameFramework/Pawn.h(247): note: see declaration of 'APawn::TakeDamage'
    B:\Program Files\Unreal Engine\UE_4.27\Engine\Source\Runtime\Engine\Classes\GameFramework/PlayerController.h(31): note: see declaration of 'APawn'
    [4/7] NoMand_KnightCharacter.cpp
D:\Program Files (x86)\Users\Mike Rowe Soft\Documents\CSE 4050\CSE4400-GameDesignProject\NoMand_Knight\Source\NoMand_Knight\NoMand_KnightCharacter.h(46): warning C4263: 'void ANoMand_KnightCharacter::TakeDamage(float)': member function does not override any base class virtual member function
D:\Program Files (x86)\Users\Mike Rowe Soft\Documents\CSE 4050\CSE4400-GameDesignProject\NoMand_Knight\Source\NoMand_Knight\NoMand_KnightCharacter.h(87): warning C4264: 'float APawn::TakeDamage(float,const FDamageEvent &,AController *,AActor *)': no override available for virtual member function from base 'APawn'; function is hidden
    B:\Program Files\Unreal Engine\UE_4.27\Engine\Source\Runtime\Engine\Classes\GameFramework/Pawn.h(247): note: see declaration of 'APawn::TakeDamage'
    B:\Program Files\Unreal Engine\UE_4.27\Engine\Source\Runtime\Engine\Classes\GameFramework/PlayerController.h(31): note: see declaration of 'APawn'
    [5/7] UE4Editor-NoMand_Knight-0006.lib
       Creating library D:\Program Files (x86)\Users\Mike Rowe Soft\Documents\CSE 4050\CSE4400-GameDesignProject\NoMand_Knight\Intermediate\Build\Win64\UE4Editor\Development\NoMand_Knight\UE4Editor-NoMand_Knight-0006.lib and object D:\Program Files (x86)\Users\Mike Rowe Soft\Documents\CSE 4050\CSE4400-GameDesignProject\NoMand_Knight\Intermediate\Build\Win64\UE4Editor\Development\NoMand_Knight\UE4Editor-NoMand_Knight-0006.exp
    [6/7] UE4Editor-NoMand_Knight-0006.dll
       Creating library D:\Program Files (x86)\Users\Mike Rowe Soft\Documents\CSE 4050\CSE4400-GameDesignProject\NoMand_Knight\Intermediate\Build\Win64\UE4Editor\Development\NoMand_Knight\UE4Editor-NoMand_Knight-0006.suppressed.lib and object D:\Program Files (x86)\Users\Mike Rowe Soft\Documents\CSE 4050\CSE4400-GameDesignProject\NoMand_Knight\Intermediate\Build\Win64\UE4Editor\Development\NoMand_Knight\UE4Editor-NoMand_Knight-0006.suppressed.exp
    [7/7] NoMand_KnightEditor.target
  Total time in Parallel executor: 1.38 seconds
  Total execution time: 5.93 seconds
